<?xml version="1.0" encoding="UTF-8"?>
<!-- Generated by org.testng.reporters.JUnitXMLReporter -->
<testsuite ignored="4" hostname="192.168.1.6" failures="3" tests="8" name="Command line test" time="8.346" errors="0" timestamp="07 Mar 2023 17:27:52 GMT">
  <testcase classname="com.qa.opencart.tests.HomePageTest" name="homePageTitleTest" time="0.009"/>
  <testcase classname="com.qa.opencart.tests.HomePageTest" name="homePageURLTest" time="0.001"/>
  <testcase classname="com.qa.opencart.tests.HomePageTest" name="searchTest" time="0.523"/>
  <testcase classname="com.qa.opencart.tests.HomePageTest" name="searchTest" time="0.527"/>
  <testcase classname="com.qa.opencart.tests.HomePageTest" name="searchTest" time="0.468"/>
  <testcase classname="com.qa.opencart.tests.LoginPageTest" name="loginPageNavigation" time="0.001">
    <failure type="java.lang.NullPointerException">
      <![CDATA[java.lang.NullPointerException
at com.qa.opencart.tests.LoginPageTest.loginPageNavigation(LoginPageTest.java:13)
... Removed 35 stack frames]]>
    </failure>
  </testcase> <!-- loginPageNavigation -->
  <testcase classname="com.qa.opencart.tests.LoginPageTest" name="forgotPPwsLinkExistTest" time="0.0">
    <failure type="java.lang.NullPointerException">
      <![CDATA[java.lang.NullPointerException
at com.qa.opencart.tests.LoginPageTest.forgotPPwsLinkExistTest(LoginPageTest.java:21)
... Removed 35 stack frames]]>
    </failure>
  </testcase> <!-- forgotPPwsLinkExistTest -->
  <testcase classname="com.qa.opencart.tests.LoginPageTest" name="appLoginTest" time="0.0">
    <failure type="java.lang.NullPointerException">
      <![CDATA[java.lang.NullPointerException
at com.qa.opencart.tests.LoginPageTest.appLoginTest(LoginPageTest.java:26)
... Removed 35 stack frames]]>
    </failure>
  </testcase> <!-- appLoginTest -->
  <testcase classname="com.qa.opencart.base.BaseTest" name="@BeforeTest setup" time="0.0">
    <ignored/>
  </testcase> <!-- @BeforeTest setup -->
  <testcase classname="com.qa.opencart.base.BaseTest" name="@BeforeTest setup" time="0.0">
    <ignored/>
  </testcase> <!-- @BeforeTest setup -->
  <testcase classname="com.qa.opencart.base.BaseTest" name="@AfterTest tearDown" time="0.0">
    <ignored/>
  </testcase> <!-- @AfterTest tearDown -->
  <testcase classname="com.qa.opencart.base.BaseTest" name="@AfterTest tearDown" time="0.0">
    <ignored/>
  </testcase> <!-- @AfterTest tearDown -->
</testsuite> <!-- Command line test -->
